<?xml version="1.0" encoding="utf-8"?><testsuites name="pytest tests"><testsuite name="pytest" errors="0" failures="0" skipped="0" tests="9" time="2.059" timestamp="2026-03-02T06:15:11.202042+00:00" hostname="agent-env-e8b3bdd0-4dd1-4963-9cc8-4a4476d416b8"><testcase classname="tests.test_ai_control.TestLogin" name="test_login_success" time="0.179" /><testcase classname="tests.test_ai_control.TestLogin" name="test_login_invalid_credentials" time="0.131" /><testcase classname="tests.test_ai_control.TestEdgeAIStatus" name="test_edge_ai_status_returns_correct_structure" time="0.210" /><testcase classname="tests.test_ai_control.TestEdgeAIStatus" name="test_edge_ai_status_unauthorized" time="0.227" /><testcase classname="tests.test_ai_control.TestEdgeAIStatus" name="test_edge_ai_status_nonexistent_client" time="0.217" /><testcase classname="tests.test_ai_control.TestAdminClients" name="test_get_clients_list" time="0.255" /><testcase classname="tests.test_ai_control.TestAISettings" name="test_get_ai_settings" time="0.218" /><testcase classname="tests.test_ai_control.TestAISettings" name="test_save_ai_settings" time="0.348" /><testcase classname="tests.test_ai_control.TestMLStatus" name="test_ml_status_endpoint" time="0.210" /></testsuite></testsuites>