<?xml version="1.0" encoding="utf-8"?><testsuites name="pytest tests"><testsuite name="pytest" errors="0" failures="0" skipped="0" tests="21" time="1.100" timestamp="2026-02-10T07:21:48.395056+00:00" hostname="agent-env-d19519c0-f667-426c-a1e7-cd7f651a5554"><testcase classname="backend.tests.test_settings_apis.TestHealthCheck" name="test_api_reachable" time="0.067" /><testcase classname="backend.tests.test_settings_apis.TestAuthentication" name="test_login_success" time="0.044" /><testcase classname="backend.tests.test_settings_apis.TestAuthentication" name="test_login_invalid_credentials" time="0.039" /><testcase classname="backend.tests.test_settings_apis.TestAdminProfileSettings" name="test_update_profile_success" time="0.036" /><testcase classname="backend.tests.test_settings_apis.TestAdminProfileSettings" name="test_update_profile_verify_persistence" time="0.076" /><testcase classname="backend.tests.test_settings_apis.TestAdminSystemSettings" name="test_get_system_settings" time="0.040" /><testcase classname="backend.tests.test_settings_apis.TestAdminSystemSettings" name="test_update_system_settings" time="0.034" /><testcase classname="backend.tests.test_settings_apis.TestAdminSystemSettings" name="test_update_system_settings_verify_persistence" time="0.082" /><testcase classname="backend.tests.test_settings_apis.TestAdminNotificationSettings" name="test_get_notification_settings" time="0.035" /><testcase classname="backend.tests.test_settings_apis.TestAdminNotificationSettings" name="test_update_notification_settings" time="0.048" /><testcase classname="backend.tests.test_settings_apis.TestAdminNotificationSettings" name="test_update_notification_settings_verify_persistence" time="0.073" /><testcase classname="backend.tests.test_settings_apis.TestClientDetectionSettings" name="test_get_detection_settings" time="0.033" /><testcase classname="backend.tests.test_settings_apis.TestClientDetectionSettings" name="test_update_detection_settings" time="0.040" /><testcase classname="backend.tests.test_settings_apis.TestClientDetectionSettings" name="test_update_detection_settings_verify_persistence" time="0.116" /><testcase classname="backend.tests.test_settings_apis.TestClientAlertSettings" name="test_get_alert_settings" time="0.037" /><testcase classname="backend.tests.test_settings_apis.TestClientAlertSettings" name="test_update_alert_settings" time="0.033" /><testcase classname="backend.tests.test_settings_apis.TestEdgeConfigAPI" name="test_edge_config_returns_cameras_with_rtsp" time="0.047" /><testcase classname="backend.tests.test_settings_apis.TestEdgeConfigAPI" name="test_edge_config_invalid_api_key" time="0.032" /><testcase classname="backend.tests.test_settings_apis.TestCameraManagement" name="test_list_cameras" time="0.038" /><testcase classname="backend.tests.test_settings_apis.TestCameraManagement" name="test_create_camera_with_rtsp" time="0.038" /><testcase classname="backend.tests.test_settings_apis.TestSystemHealth" name="test_system_health" time="0.034" /></testsuite></testsuites>